# JRE version: Java(TM) SE Runtime Environment (8.0_60-b27) (build 1.8.0_60-b27)
# Java VM: Java HotSpot(TM) 64-Bit Server VM (25.60-b23 mixed mode windows-amd64 compressed oops)
Heap:
 PSYoungGen      total 385536K, used 5809K [0x000000076b300000, 0x0000000785f00000, 0x00000007c0000000)
  eden space 356864K, 1% used [0x000000076b300000,0x000000076b8ac4c8,0x0000000780f80000)
  from space 28672K, 0% used [0x0000000782700000,0x0000000782700000,0x0000000784300000)
  to   space 14336K, 0% used [0x0000000785100000,0x0000000785100000,0x0000000785f00000)
 ParOldGen       total 170496K, used 23762K [0x00000006c1800000, 0x00000006cbe80000, 0x000000076b300000)
  object space 170496K, 13% used [0x00000006c1800000,0x00000006c2f34aa0,0x00000006cbe80000)
 Metaspace       used 56627K, capacity 58942K, committed 59264K, reserved 1099776K
  class space    used 7584K, capacity 8005K, committed 8064K, reserved 1048576K
GC Heap History (10 events):
Event: 3.532 GC heap before
{Heap before GC invocations=6 (full 1):
 PSYoungGen      total 272896K, used 178500K [0x000000076b300000, 0x000000077c800000, 0x00000007c0000000)
  eden space 262144K, 68% used [0x000000076b300000,0x00000007761510b8,0x000000077b300000)
  from space 10752K, 0% used [0x000000077bd80000,0x000000077bd80000,0x000000077c800000)
  to   space 10752K, 0% used [0x000000077b300000,0x000000077b300000,0x000000077bd80000)
 ParOldGen       total 98816K, used 6953K [0x00000006c1800000, 0x00000006c7880000, 0x000000076b300000)
  object space 98816K, 7% used [0x00000006c1800000,0x00000006c1eca520,0x00000006c7880000)
 Metaspace       used 33473K, capacity 35328K, committed 35416K, reserved 1081344K
  class space    used 4285K, capacity 4606K, committed 4608K, reserved 1048576K
Event: 3.552 GC heap after
Heap after GC invocations=6 (full 1):
 PSYoungGen      total 272896K, used 10721K [0x000000076b300000, 0x0000000785f00000, 0x00000007c0000000)
  eden space 262144K, 0% used [0x000000076b300000,0x000000076b300000,0x000000077b300000)
  from space 10752K, 99% used [0x000000077b300000,0x000000077bd78480,0x000000077bd80000)
  to   space 14336K, 0% used [0x0000000785100000,0x0000000785100000,0x0000000785f00000)
 ParOldGen       total 98816K, used 11127K [0x00000006c1800000, 0x00000006c7880000, 0x000000076b300000)
  object space 98816K, 11% used [0x00000006c1800000,0x00000006c22ddc30,0x00000006c7880000)
 Metaspace       used 33473K, capacity 35328K, committed 35416K, reserved 1081344K
  class space    used 4285K, capacity 4606K, committed 4608K, reserved 1048576K
}
Event: 3.553 GC heap before
{Heap before GC invocations=7 (full 2):
 PSYoungGen      total 272896K, used 10721K [0x000000076b300000, 0x0000000785f00000, 0x00000007c0000000)
  eden space 262144K, 0% used [0x000000076b300000,0x000000076b300000,0x000000077b300000)
  from space 10752K, 99% used [0x000000077b300000,0x000000077bd78480,0x000000077bd80000)
  to   space 14336K, 0% used [0x0000000785100000,0x0000000785100000,0x0000000785f00000)
 ParOldGen       total 98816K, used 11127K [0x00000006c1800000, 0x00000006c7880000, 0x000000076b300000)
  object space 98816K, 11% used [0x00000006c1800000,0x00000006c22ddc30,0x00000006c7880000)
 Metaspace       used 33473K, capacity 35328K, committed 35416K, reserved 1081344K
  class space    used 4285K, capacity 4606K, committed 4608K, reserved 1048576K
Event: 3.678 GC heap after
Heap after GC invocations=7 (full 2):
 PSYoungGen      total 272896K, used 0K [0x000000076b300000, 0x0000000785f00000, 0x00000007c0000000)
  eden space 262144K, 0% used [0x000000076b300000,0x000000076b300000,0x000000077b300000)
  from space 10752K, 0% used [0x000000077b300000,0x000000077b300000,0x000000077bd80000)
  to   space 14336K, 0% used [0x0000000785100000,0x0000000785100000,0x0000000785f00000)
 ParOldGen       total 170496K, used 20471K [0x00000006c1800000, 0x00000006cbe80000, 0x000000076b300000)
  object space 170496K, 12% used [0x00000006c1800000,0x00000006c2bfdc90,0x00000006cbe80000)
 Metaspace       used 33473K, capacity 35328K, committed 35416K, reserved 1081344K
  class space    used 4285K, capacity 4606K, committed 4608K, reserved 1048576K
}
Event: 6.966 GC heap before
{Heap before GC invocations=8 (full 2):
 PSYoungGen      total 272896K, used 262144K [0x000000076b300000, 0x0000000785f00000, 0x00000007c0000000)
  eden space 262144K, 100% used [0x000000076b300000,0x000000077b300000,0x000000077b300000)
  from space 10752K, 0% used [0x000000077b300000,0x000000077b300000,0x000000077bd80000)
  to   space 14336K, 0% used [0x0000000785100000,0x0000000785100000,0x0000000785f00000)
 ParOldGen       total 170496K, used 20471K [0x00000006c1800000, 0x00000006cbe80000, 0x000000076b300000)
  object space 170496K, 12% used [0x00000006c1800000,0x00000006c2bfdc90,0x00000006cbe80000)
 Metaspace       used 55048K, capacity 57178K, committed 57728K, reserved 1099776K
  class space    used 7358K, capacity 7749K, committed 7808K, reserved 1048576K
Event: 7.003 GC heap after
Heap after GC invocations=8 (full 2):
 PSYoungGen      total 371200K, used 14314K [0x000000076b300000, 0x0000000785f00000, 0x00000007c0000000)
  eden space 356864K, 0% used [0x000000076b300000,0x000000076b300000,0x0000000780f80000)
  from space 14336K, 99% used [0x0000000785100000,0x0000000785efaaf0,0x0000000785f00000)
  to   space 28672K, 0% used [0x0000000782700000,0x0000000782700000,0x0000000784300000)
 ParOldGen       total 170496K, used 42007K [0x00000006c1800000, 0x00000006cbe80000, 0x000000076b300000)
  object space 170496K, 24% used [0x00000006c1800000,0x00000006c4105cf0,0x00000006cbe80000)
 Metaspace       used 55048K, capacity 57178K, committed 57728K, reserved 1099776K
  class space    used 7358K, capacity 7749K, committed 7808K, reserved 1048576K
}
Event: 7.200 GC heap before
{Heap before GC invocations=9 (full 2):
 PSYoungGen      total 371200K, used 31731K [0x000000076b300000, 0x0000000785f00000, 0x00000007c0000000)
  eden space 356864K, 4% used [0x000000076b300000,0x000000076c4024d0,0x0000000780f80000)
  from space 14336K, 99% used [0x0000000785100000,0x0000000785efaaf0,0x0000000785f00000)
  to   space 28672K, 0% used [0x0000000782700000,0x0000000782700000,0x0000000784300000)
 ParOldGen       total 170496K, used 42007K [0x00000006c1800000, 0x00000006cbe80000, 0x000000076b300000)
  object space 170496K, 24% used [0x00000006c1800000,0x00000006c4105cf0,0x00000006cbe80000)
 Metaspace       used 56475K, capacity 58658K, committed 59008K, reserved 1099776K
  class space    used 7534K, capacity 7957K, committed 8064K, reserved 1048576K
Event: 7.217 GC heap after
Heap after GC invocations=9 (full 2):
 PSYoungGen      total 385536K, used 11863K [0x000000076b300000, 0x0000000785f00000, 0x00000007c0000000)
  eden space 356864K, 0% used [0x000000076b300000,0x000000076b300000,0x0000000780f80000)
  from space 28672K, 41% used [0x0000000782700000,0x0000000783295ff0,0x0000000784300000)
  to   space 14336K, 0% used [0x0000000785100000,0x0000000785100000,0x0000000785f00000)
 ParOldGen       total 170496K, used 42047K [0x00000006c1800000, 0x00000006cbe80000, 0x000000076b300000)
  object space 170496K, 24% used [0x00000006c1800000,0x00000006c410fd00,0x00000006cbe80000)
 Metaspace       used 56475K, capacity 58658K, committed 59008K, reserved 1099776K
  class space    used 7534K, capacity 7957K, committed 8064K, reserved 1048576K
}
Event: 7.217 GC heap before
{Heap before GC invocations=10 (full 3):
 PSYoungGen      total 385536K, used 11863K [0x000000076b300000, 0x0000000785f00000, 0x00000007c0000000)
  eden space 356864K, 0% used [0x000000076b300000,0x000000076b300000,0x0000000780f80000)
  from space 28672K, 41% used [0x0000000782700000,0x0000000783295ff0,0x0000000784300000)
  to   space 14336K, 0% used [0x0000000785100000,0x0000000785100000,0x0000000785f00000)
 ParOldGen       total 170496K, used 42047K [0x00000006c1800000, 0x00000006cbe80000, 0x000000076b300000)
  object space 170496K, 24% used [0x00000006c1800000,0x00000006c410fd00,0x00000006cbe80000)
 Metaspace       used 56475K, capacity 58658K, committed 59008K, reserved 1099776K
  class space    used 7534K, capacity 7957K, committed 8064K, reserved 1048576K
Event: 7.428 GC heap after
Heap after GC invocations=10 (full 3):
 PSYoungGen      total 385536K, used 0K [0x000000076b300000, 0x0000000785f00000, 0x00000007c0000000)
  eden space 356864K, 0% used [0x000000076b300000,0x000000076b300000,0x0000000780f80000)
  from space 28672K, 0% used [0x0000000782700000,0x0000000782700000,0x0000000784300000)
  to   space 14336K, 0% used [0x0000000785100000,0x0000000785100000,0x0000000785f00000)
 ParOldGen       total 170496K, used 23762K [0x00000006c1800000, 0x00000006cbe80000, 0x000000076b300000)
  object space 170496K, 13% used [0x00000006c1800000,0x00000006c2f34aa0,0x00000006cbe80000)
 Metaspace       used 56475K, capacity 58658K, committed 59008K, reserved 1099776K
  class space    used 7534K, capacity 7957K, committed 8064K, reserved 1048576K
}

