# JRE version: Java(TM) SE Runtime Environment (8.0_60-b27) (build 1.8.0_60-b27)
# Java VM: Java HotSpot(TM) 64-Bit Server VM (25.60-b23 mixed mode windows-amd64 compressed oops)
Heap:
 PSYoungGen      total 342016K, used 292813K [0x000000076b300000, 0x0000000788d80000, 0x00000007c0000000)
  eden space 249856K, 94% used [0x000000076b300000,0x000000077990f888,0x000000077a700000)
  from space 92160K, 62% used [0x000000077a700000,0x000000077dee3c18,0x0000000780100000)
  to   space 95232K, 0% used [0x0000000783080000,0x0000000783080000,0x0000000788d80000)
 ParOldGen       total 259072K, used 187456K [0x00000006c1800000, 0x00000006d1500000, 0x000000076b300000)
  object space 259072K, 72% used [0x00000006c1800000,0x00000006ccf10158,0x00000006d1500000)
 Metaspace       used 68320K, capacity 71806K, committed 71936K, reserved 1112064K
  class space    used 9065K, capacity 9629K, committed 9728K, reserved 1048576K
GC Heap History (10 events):
Event: 4.944 GC heap before
{Heap before GC invocations=10 (full 2):
 PSYoungGen      total 209920K, used 74576K [0x000000076b300000, 0x000000077e080000, 0x00000007c0000000)
  eden space 198656K, 31% used [0x000000076b300000,0x000000076f0d5ef0,0x0000000777500000)
  from space 11264K, 99% used [0x0000000777500000,0x0000000777ffe458,0x0000000778000000)
  to   space 22016K, 0% used [0x000000077cb00000,0x000000077cb00000,0x000000077e080000)
 ParOldGen       total 172032K, used 33592K [0x00000006c1800000, 0x00000006cc000000, 0x000000076b300000)
  object space 172032K, 19% used [0x00000006c1800000,0x00000006c38ce3f0,0x00000006cc000000)
 Metaspace       used 56323K, capacity 58840K, committed 59008K, reserved 1099776K
  class space    used 7552K, capacity 8002K, committed 8064K, reserved 1048576K
Event: 4.959 GC heap after
Heap after GC invocations=10 (full 2):
 PSYoungGen      total 286208K, used 15820K [0x000000076b300000, 0x000000077e480000, 0x00000007c0000000)
  eden space 264192K, 0% used [0x000000076b300000,0x000000076b300000,0x000000077b500000)
  from space 22016K, 71% used [0x000000077cb00000,0x000000077da732d0,0x000000077e080000)
  to   space 22528K, 0% used [0x000000077b500000,0x000000077b500000,0x000000077cb00000)
 ParOldGen       total 172032K, used 33600K [0x00000006c1800000, 0x00000006cc000000, 0x000000076b300000)
  object space 172032K, 19% used [0x00000006c1800000,0x00000006c38d03f0,0x00000006cc000000)
 Metaspace       used 56323K, capacity 58840K, committed 59008K, reserved 1099776K
  class space    used 7552K, capacity 8002K, committed 8064K, reserved 1048576K
}
Event: 4.959 GC heap before
{Heap before GC invocations=11 (full 3):
 PSYoungGen      total 286208K, used 15820K [0x000000076b300000, 0x000000077e480000, 0x00000007c0000000)
  eden space 264192K, 0% used [0x000000076b300000,0x000000076b300000,0x000000077b500000)
  from space 22016K, 71% used [0x000000077cb00000,0x000000077da732d0,0x000000077e080000)
  to   space 22528K, 0% used [0x000000077b500000,0x000000077b500000,0x000000077cb00000)
 ParOldGen       total 172032K, used 33600K [0x00000006c1800000, 0x00000006cc000000, 0x000000076b300000)
  object space 172032K, 19% used [0x00000006c1800000,0x00000006c38d03f0,0x00000006cc000000)
 Metaspace       used 56323K, capacity 58840K, committed 59008K, reserved 1099776K
  class space    used 7552K, capacity 8002K, committed 8064K, reserved 1048576K
Event: 5.101 GC heap after
Heap after GC invocations=11 (full 3):
 PSYoungGen      total 286208K, used 0K [0x000000076b300000, 0x000000077e480000, 0x00000007c0000000)
  eden space 264192K, 0% used [0x000000076b300000,0x000000076b300000,0x000000077b500000)
  from space 22016K, 0% used [0x000000077cb00000,0x000000077cb00000,0x000000077e080000)
  to   space 22528K, 0% used [0x000000077b500000,0x000000077b500000,0x000000077cb00000)
 ParOldGen       total 259072K, used 26235K [0x00000006c1800000, 0x00000006d1500000, 0x000000076b300000)
  object space 259072K, 10% used [0x00000006c1800000,0x00000006c319ee80,0x00000006d1500000)
 Metaspace       used 56323K, capacity 58840K, committed 59008K, reserved 1099776K
  class space    used 7552K, capacity 8002K, committed 8064K, reserved 1048576K
}
Event: 287.843 GC heap before
{Heap before GC invocations=12 (full 3):
 PSYoungGen      total 286208K, used 264192K [0x000000076b300000, 0x000000077e480000, 0x00000007c0000000)
  eden space 264192K, 100% used [0x000000076b300000,0x000000077b500000,0x000000077b500000)
  from space 22016K, 0% used [0x000000077cb00000,0x000000077cb00000,0x000000077e080000)
  to   space 22528K, 0% used [0x000000077b500000,0x000000077b500000,0x000000077cb00000)
 ParOldGen       total 259072K, used 26235K [0x00000006c1800000, 0x00000006d1500000, 0x000000076b300000)
  object space 259072K, 10% used [0x00000006c1800000,0x00000006c319ee80,0x00000006d1500000)
 Metaspace       used 67702K, capacity 71146K, committed 71424K, reserved 1112064K
  class space    used 9018K, capacity 9603K, committed 9728K, reserved 1048576K
Event: 287.883 GC heap after
Heap after GC invocations=12 (full 3):
 PSYoungGen      total 286720K, used 22523K [0x000000076b300000, 0x0000000782680000, 0x00000007c0000000)
  eden space 264192K, 0% used [0x000000076b300000,0x000000076b300000,0x000000077b500000)
  from space 22528K, 99% used [0x000000077b500000,0x000000077cafefe0,0x000000077cb00000)
  to   space 38400K, 0% used [0x0000000780100000,0x0000000780100000,0x0000000782680000)
 ParOldGen       total 259072K, used 58000K [0x00000006c1800000, 0x00000006d1500000, 0x000000076b300000)
  object space 259072K, 22% used [0x00000006c1800000,0x00000006c50a4158,0x00000006d1500000)
 Metaspace       used 67702K, capacity 71146K, committed 71424K, reserved 1112064K
  class space    used 9018K, capacity 9603K, committed 9728K, reserved 1048576K
}
Event: 291.328 GC heap before
{Heap before GC invocations=13 (full 3):
 PSYoungGen      total 286720K, used 286715K [0x000000076b300000, 0x0000000782680000, 0x00000007c0000000)
  eden space 264192K, 100% used [0x000000076b300000,0x000000077b500000,0x000000077b500000)
  from space 22528K, 99% used [0x000000077b500000,0x000000077cafefe0,0x000000077cb00000)
  to   space 38400K, 0% used [0x0000000780100000,0x0000000780100000,0x0000000782680000)
 ParOldGen       total 259072K, used 58000K [0x00000006c1800000, 0x00000006d1500000, 0x000000076b300000)
  object space 259072K, 22% used [0x00000006c1800000,0x00000006c50a4158,0x00000006d1500000)
 Metaspace       used 67735K, capacity 71146K, committed 71424K, reserved 1112064K
  class space    used 9021K, capacity 9603K, committed 9728K, reserved 1048576K
Event: 291.438 GC heap after
Heap after GC invocations=13 (full 3):
 PSYoungGen      total 288256K, used 38397K [0x000000076b300000, 0x0000000789580000, 0x00000007c0000000)
  eden space 249856K, 0% used [0x000000076b300000,0x000000076b300000,0x000000077a700000)
  from space 38400K, 99% used [0x0000000780100000,0x000000078267f760,0x0000000782680000)
  to   space 92160K, 0% used [0x000000077a700000,0x000000077a700000,0x0000000780100000)
 ParOldGen       total 259072K, used 187448K [0x00000006c1800000, 0x00000006d1500000, 0x000000076b300000)
  object space 259072K, 72% used [0x00000006c1800000,0x00000006ccf0e158,0x00000006d1500000)
 Metaspace       used 67735K, capacity 71146K, committed 71424K, reserved 1112064K
  class space    used 9021K, capacity 9603K, committed 9728K, reserved 1048576K
}
Event: 295.201 GC heap before
{Heap before GC invocations=14 (full 3):
 PSYoungGen      total 288256K, used 288253K [0x000000076b300000, 0x0000000789580000, 0x00000007c0000000)
  eden space 249856K, 100% used [0x000000076b300000,0x000000077a700000,0x000000077a700000)
  from space 38400K, 99% used [0x0000000780100000,0x000000078267f760,0x0000000782680000)
  to   space 92160K, 0% used [0x000000077a700000,0x000000077a700000,0x0000000780100000)
 ParOldGen       total 259072K, used 187448K [0x00000006c1800000, 0x00000006d1500000, 0x000000076b300000)
  object space 259072K, 72% used [0x00000006c1800000,0x00000006ccf0e158,0x00000006d1500000)
 Metaspace       used 67843K, capacity 71274K, committed 71424K, reserved 1112064K
  class space    used 9028K, capacity 9613K, committed 9728K, reserved 1048576K
Event: 295.300 GC heap after
Heap after GC invocations=14 (full 3):
 PSYoungGen      total 342016K, used 57231K [0x000000076b300000, 0x0000000788d80000, 0x00000007c0000000)
  eden space 249856K, 0% used [0x000000076b300000,0x000000076b300000,0x000000077a700000)
  from space 92160K, 62% used [0x000000077a700000,0x000000077dee3c18,0x0000000780100000)
  to   space 95232K, 0% used [0x0000000783080000,0x0000000783080000,0x0000000788d80000)
 ParOldGen       total 259072K, used 187456K [0x00000006c1800000, 0x00000006d1500000, 0x000000076b300000)
  object space 259072K, 72% used [0x00000006c1800000,0x00000006ccf10158,0x00000006d1500000)
 Metaspace       used 67843K, capacity 71274K, committed 71424K, reserved 1112064K
  class space    used 9028K, capacity 9613K, committed 9728K, reserved 1048576K
}

