# JRE version: Java(TM) SE Runtime Environment (8.0_60-b27) (build 1.8.0_60-b27)
# Java VM: Java HotSpot(TM) 64-Bit Server VM (25.60-b23 mixed mode windows-amd64 compressed oops)
Heap:
 PSYoungGen      total 543232K, used 204270K [0x000000076b300000, 0x0000000793f00000, 0x00000007c0000000)
  eden space 517120K, 38% used [0x000000076b300000,0x000000077736f8a8,0x000000078ac00000)
  from space 26112K, 27% used [0x000000078ac00000,0x000000078b30c100,0x000000078c580000)
  to   space 26112K, 0% used [0x0000000792580000,0x0000000792580000,0x0000000793f00000)
 ParOldGen       total 238592K, used 23276K [0x00000006c1800000, 0x00000006d0100000, 0x000000076b300000)
  object space 238592K, 9% used [0x00000006c1800000,0x00000006c2ebb090,0x00000006d0100000)
 Metaspace       used 71745K, capacity 75260K, committed 75392K, reserved 1114112K
  class space    used 9212K, capacity 9790K, committed 9856K, reserved 1048576K
GC Heap History (10 events):
Event: 4.546 GC heap before
{Heap before GC invocations=8 (full 2):
 PSYoungGen      total 272896K, used 262144K [0x000000076b300000, 0x0000000785980000, 0x00000007c0000000)
  eden space 262144K, 100% used [0x000000076b300000,0x000000077b300000,0x000000077b300000)
  from space 10752K, 0% used [0x000000077b300000,0x000000077b300000,0x000000077bd80000)
  to   space 14336K, 0% used [0x0000000784b80000,0x0000000784b80000,0x0000000785980000)
 ParOldGen       total 174080K, used 20328K [0x00000006c1800000, 0x00000006cc200000, 0x000000076b300000)
  object space 174080K, 11% used [0x00000006c1800000,0x00000006c2bda3b0,0x00000006cc200000)
 Metaspace       used 55562K, capacity 58146K, committed 58368K, reserved 1099776K
  class space    used 7430K, capacity 7875K, committed 7936K, reserved 1048576K
Event: 4.572 GC heap after
Heap after GC invocations=8 (full 2):
 PSYoungGen      total 369152K, used 14334K [0x000000076b300000, 0x0000000785980000, 0x00000007c0000000)
  eden space 354816K, 0% used [0x000000076b300000,0x000000076b300000,0x0000000780d80000)
  from space 14336K, 99% used [0x0000000784b80000,0x000000078597f8b8,0x0000000785980000)
  to   space 29184K, 0% used [0x0000000782080000,0x0000000782080000,0x0000000783d00000)
 ParOldGen       total 174080K, used 43066K [0x00000006c1800000, 0x00000006cc200000, 0x000000076b300000)
  object space 174080K, 24% used [0x00000006c1800000,0x00000006c420eac8,0x00000006cc200000)
 Metaspace       used 55562K, capacity 58146K, committed 58368K, reserved 1099776K
  class space    used 7430K, capacity 7875K, committed 7936K, reserved 1048576K
}
Event: 4.658 GC heap before
{Heap before GC invocations=9 (full 2):
 PSYoungGen      total 369152K, used 23430K [0x000000076b300000, 0x0000000785980000, 0x00000007c0000000)
  eden space 354816K, 2% used [0x000000076b300000,0x000000076bbe1fd8,0x0000000780d80000)
  from space 14336K, 99% used [0x0000000784b80000,0x000000078597f8b8,0x0000000785980000)
  to   space 29184K, 0% used [0x0000000782080000,0x0000000782080000,0x0000000783d00000)
 ParOldGen       total 174080K, used 43066K [0x00000006c1800000, 0x00000006cc200000, 0x000000076b300000)
  object space 174080K, 24% used [0x00000006c1800000,0x00000006c420eac8,0x00000006cc200000)
 Metaspace       used 56328K, capacity 58862K, committed 59008K, reserved 1099776K
  class space    used 7559K, capacity 8005K, committed 8064K, reserved 1048576K
Event: 4.665 GC heap after
Heap after GC invocations=9 (full 2):
 PSYoungGen      total 403456K, used 12644K [0x000000076b300000, 0x000000078e580000, 0x00000007c0000000)
  eden space 374272K, 0% used [0x000000076b300000,0x000000076b300000,0x0000000782080000)
  from space 29184K, 43% used [0x0000000782080000,0x0000000782cd90a0,0x0000000783d00000)
  to   space 27136K, 0% used [0x000000078cb00000,0x000000078cb00000,0x000000078e580000)
 ParOldGen       total 174080K, used 43074K [0x00000006c1800000, 0x00000006cc200000, 0x000000076b300000)
  object space 174080K, 24% used [0x00000006c1800000,0x00000006c4210ac8,0x00000006cc200000)
 Metaspace       used 56328K, capacity 58862K, committed 59008K, reserved 1099776K
  class space    used 7559K, capacity 8005K, committed 8064K, reserved 1048576K
}
Event: 4.665 GC heap before
{Heap before GC invocations=10 (full 3):
 PSYoungGen      total 403456K, used 12644K [0x000000076b300000, 0x000000078e580000, 0x00000007c0000000)
  eden space 374272K, 0% used [0x000000076b300000,0x000000076b300000,0x0000000782080000)
  from space 29184K, 43% used [0x0000000782080000,0x0000000782cd90a0,0x0000000783d00000)
  to   space 27136K, 0% used [0x000000078cb00000,0x000000078cb00000,0x000000078e580000)
 ParOldGen       total 174080K, used 43074K [0x00000006c1800000, 0x00000006cc200000, 0x000000076b300000)
  object space 174080K, 24% used [0x00000006c1800000,0x00000006c4210ac8,0x00000006cc200000)
 Metaspace       used 56328K, capacity 58862K, committed 59008K, reserved 1099776K
  class space    used 7559K, capacity 8005K, committed 8064K, reserved 1048576K
Event: 4.763 GC heap after
Heap after GC invocations=10 (full 3):
 PSYoungGen      total 403456K, used 0K [0x000000076b300000, 0x000000078e580000, 0x00000007c0000000)
  eden space 374272K, 0% used [0x000000076b300000,0x000000076b300000,0x0000000782080000)
  from space 29184K, 0% used [0x0000000782080000,0x0000000782080000,0x0000000783d00000)
  to   space 27136K, 0% used [0x000000078cb00000,0x000000078cb00000,0x000000078e580000)
 ParOldGen       total 238592K, used 23252K [0x00000006c1800000, 0x00000006d0100000, 0x000000076b300000)
  object space 238592K, 9% used [0x00000006c1800000,0x00000006c2eb5090,0x00000006d0100000)
 Metaspace       used 56328K, capacity 58862K, committed 59008K, reserved 1099776K
  class space    used 7559K, capacity 8005K, committed 8064K, reserved 1048576K
}
Event: 141.742 GC heap before
{Heap before GC invocations=11 (full 3):
 PSYoungGen      total 403456K, used 374272K [0x000000076b300000, 0x000000078e580000, 0x00000007c0000000)
  eden space 374272K, 100% used [0x000000076b300000,0x0000000782080000,0x0000000782080000)
  from space 29184K, 0% used [0x0000000782080000,0x0000000782080000,0x0000000783d00000)
  to   space 27136K, 0% used [0x000000078cb00000,0x000000078cb00000,0x000000078e580000)
 ParOldGen       total 238592K, used 23252K [0x00000006c1800000, 0x00000006d0100000, 0x000000076b300000)
  object space 238592K, 9% used [0x00000006c1800000,0x00000006c2eb5090,0x00000006d0100000)
 Metaspace       used 71572K, capacity 75064K, committed 75136K, reserved 1114112K
  class space    used 9207K, capacity 9790K, committed 9856K, reserved 1048576K
Event: 141.769 GC heap after
Heap after GC invocations=11 (full 3):
 PSYoungGen      total 537600K, used 15138K [0x000000076b300000, 0x000000078df00000, 0x00000007c0000000)
  eden space 517120K, 0% used [0x000000076b300000,0x000000076b300000,0x000000078ac00000)
  from space 20480K, 73% used [0x000000078cb00000,0x000000078d9c8880,0x000000078df00000)
  to   space 26112K, 0% used [0x000000078ac00000,0x000000078ac00000,0x000000078c580000)
 ParOldGen       total 238592K, used 23268K [0x00000006c1800000, 0x00000006d0100000, 0x000000076b300000)
  object space 238592K, 9% used [0x00000006c1800000,0x00000006c2eb9090,0x00000006d0100000)
 Metaspace       used 71572K, capacity 75064K, committed 75136K, reserved 1114112K
  class space    used 9207K, capacity 9790K, committed 9856K, reserved 1048576K
}
Event: 235.074 GC heap before
{Heap before GC invocations=12 (full 3):
 PSYoungGen      total 537600K, used 532258K [0x000000076b300000, 0x000000078df00000, 0x00000007c0000000)
  eden space 517120K, 100% used [0x000000076b300000,0x000000078ac00000,0x000000078ac00000)
  from space 20480K, 73% used [0x000000078cb00000,0x000000078d9c8880,0x000000078df00000)
  to   space 26112K, 0% used [0x000000078ac00000,0x000000078ac00000,0x000000078c580000)
 ParOldGen       total 238592K, used 23268K [0x00000006c1800000, 0x00000006d0100000, 0x000000076b300000)
  object space 238592K, 9% used [0x00000006c1800000,0x00000006c2eb9090,0x00000006d0100000)
 Metaspace       used 71725K, capacity 75260K, committed 75392K, reserved 1114112K
  class space    used 9208K, capacity 9790K, committed 9856K, reserved 1048576K
Event: 235.087 GC heap after
Heap after GC invocations=12 (full 3):
 PSYoungGen      total 543232K, used 7216K [0x000000076b300000, 0x0000000793f00000, 0x00000007c0000000)
  eden space 517120K, 0% used [0x000000076b300000,0x000000076b300000,0x000000078ac00000)
  from space 26112K, 27% used [0x000000078ac00000,0x000000078b30c100,0x000000078c580000)
  to   space 26112K, 0% used [0x0000000792580000,0x0000000792580000,0x0000000793f00000)
 ParOldGen       total 238592K, used 23276K [0x00000006c1800000, 0x00000006d0100000, 0x000000076b300000)
  object space 238592K, 9% used [0x00000006c1800000,0x00000006c2ebb090,0x00000006d0100000)
 Metaspace       used 71725K, capacity 75260K, committed 75392K, reserved 1114112K
  class space    used 9208K, capacity 9790K, committed 9856K, reserved 1048576K
}

