# JRE version: Java(TM) SE Runtime Environment (8.0_60-b27) (build 1.8.0_60-b27)
# Java VM: Java HotSpot(TM) 64-Bit Server VM (25.60-b23 mixed mode windows-amd64 compressed oops)
Heap:
 PSYoungGen      total 1009664K, used 113198K [0x000000076b300000, 0x00000007b1c00000, 0x00000007c0000000)
  eden space 863232K, 7% used [0x000000076b300000,0x000000076ee3d1c8,0x000000079fe00000)
  from space 146432K, 35% used [0x000000079fe00000,0x00000007a314ea10,0x00000007a8d00000)
  to   space 117760K, 0% used [0x00000007aa900000,0x00000007aa900000,0x00000007b1c00000)
 ParOldGen       total 549888K, used 233006K [0x00000006c1800000, 0x00000006e3100000, 0x000000076b300000)
  object space 549888K, 42% used [0x00000006c1800000,0x00000006cfb8bb20,0x00000006e3100000)
 Metaspace       used 71496K, capacity 75052K, committed 75392K, reserved 1114112K
  class space    used 9154K, capacity 9762K, committed 9856K, reserved 1048576K
GC Heap History (10 events):
Event: 163.236 GC heap before
{Heap before GC invocations=18 (full 5):
 PSYoungGen      total 681984K, used 584704K [0x000000076b300000, 0x00000007aac80000, 0x00000007c0000000)
  eden space 584704K, 100% used [0x000000076b300000,0x000000078ee00000,0x000000078ee00000)
  from space 97280K, 0% used [0x000000079a400000,0x000000079a400000,0x00000007a0300000)
  to   space 186368K, 0% used [0x000000078ee00000,0x000000078ee00000,0x000000079a400000)
 ParOldGen       total 549888K, used 232966K [0x00000006c1800000, 0x00000006e3100000, 0x000000076b300000)
  object space 549888K, 42% used [0x00000006c1800000,0x00000006cfb81b20,0x00000006e3100000)
 Metaspace       used 69656K, capacity 73200K, committed 73344K, reserved 1112064K
  class space    used 9145K, capacity 9730K, committed 9856K, reserved 1048576K
Event: 163.316 GC heap after
Heap after GC invocations=18 (full 5):
 PSYoungGen      total 771072K, used 52128K [0x000000076b300000, 0x00000007ae180000, 0x00000007c0000000)
  eden space 584704K, 0% used [0x000000076b300000,0x000000076b300000,0x000000078ee00000)
  from space 186368K, 27% used [0x000000078ee00000,0x00000007920e80a0,0x000000079a400000)
  to   space 175104K, 0% used [0x00000007a3680000,0x00000007a3680000,0x00000007ae180000)
 ParOldGen       total 549888K, used 232974K [0x00000006c1800000, 0x00000006e3100000, 0x000000076b300000)
  object space 549888K, 42% used [0x00000006c1800000,0x00000006cfb83b20,0x00000006e3100000)
 Metaspace       used 69656K, capacity 73200K, committed 73344K, reserved 1112064K
  class space    used 9145K, capacity 9730K, committed 9856K, reserved 1048576K
}
Event: 174.400 GC heap before
{Heap before GC invocations=19 (full 5):
 PSYoungGen      total 771072K, used 636832K [0x000000076b300000, 0x00000007ae180000, 0x00000007c0000000)
  eden space 584704K, 100% used [0x000000076b300000,0x000000078ee00000,0x000000078ee00000)
  from space 186368K, 27% used [0x000000078ee00000,0x00000007920e80a0,0x000000079a400000)
  to   space 175104K, 0% used [0x00000007a3680000,0x00000007a3680000,0x00000007ae180000)
 ParOldGen       total 549888K, used 232974K [0x00000006c1800000, 0x00000006e3100000, 0x000000076b300000)
  object space 549888K, 42% used [0x00000006c1800000,0x00000006cfb83b20,0x00000006e3100000)
 Metaspace       used 71412K, capacity 74988K, committed 75136K, reserved 1114112K
  class space    used 9148K, capacity 9762K, committed 9856K, reserved 1048576K
Event: 174.479 GC heap after
Heap after GC invocations=19 (full 5):
 PSYoungGen      total 866816K, used 51997K [0x000000076b300000, 0x00000007abd00000, 0x00000007c0000000)
  eden space 729088K, 0% used [0x000000076b300000,0x000000076b300000,0x0000000797b00000)
  from space 137728K, 37% used [0x00000007a3680000,0x00000007a6947568,0x00000007abd00000)
  to   space 164864K, 0% used [0x0000000797b00000,0x0000000797b00000,0x00000007a1c00000)
 ParOldGen       total 549888K, used 232982K [0x00000006c1800000, 0x00000006e3100000, 0x000000076b300000)
  object space 549888K, 42% used [0x00000006c1800000,0x00000006cfb85b20,0x00000006e3100000)
 Metaspace       used 71412K, capacity 74988K, committed 75136K, reserved 1114112K
  class space    used 9148K, capacity 9762K, committed 9856K, reserved 1048576K
}
Event: 211.740 GC heap before
{Heap before GC invocations=20 (full 5):
 PSYoungGen      total 866816K, used 781085K [0x000000076b300000, 0x00000007abd00000, 0x00000007c0000000)
  eden space 729088K, 100% used [0x000000076b300000,0x0000000797b00000,0x0000000797b00000)
  from space 137728K, 37% used [0x00000007a3680000,0x00000007a6947568,0x00000007abd00000)
  to   space 164864K, 0% used [0x0000000797b00000,0x0000000797b00000,0x00000007a1c00000)
 ParOldGen       total 549888K, used 232982K [0x00000006c1800000, 0x00000006e3100000, 0x000000076b300000)
  object space 549888K, 42% used [0x00000006c1800000,0x00000006cfb85b20,0x00000006e3100000)
 Metaspace       used 71466K, capacity 75052K, committed 75392K, reserved 1114112K
  class space    used 9149K, capacity 9762K, committed 9856K, reserved 1048576K
Event: 211.819 GC heap after
Heap after GC invocations=20 (full 5):
 PSYoungGen      total 893952K, used 52061K [0x000000076b300000, 0x00000007b4080000, 0x00000007c0000000)
  eden space 729088K, 0% used [0x000000076b300000,0x000000076b300000,0x0000000797b00000)
  from space 164864K, 31% used [0x0000000797b00000,0x000000079add7568,0x00000007a1c00000)
  to   space 155136K, 0% used [0x00000007aa900000,0x00000007aa900000,0x00000007b4080000)
 ParOldGen       total 549888K, used 232990K [0x00000006c1800000, 0x00000006e3100000, 0x000000076b300000)
  object space 549888K, 42% used [0x00000006c1800000,0x00000006cfb87b20,0x00000006e3100000)
 Metaspace       used 71466K, capacity 75052K, committed 75392K, reserved 1114112K
  class space    used 9149K, capacity 9762K, committed 9856K, reserved 1048576K
}
Event: 240.586 GC heap before
{Heap before GC invocations=21 (full 5):
 PSYoungGen      total 893952K, used 781149K [0x000000076b300000, 0x00000007b4080000, 0x00000007c0000000)
  eden space 729088K, 100% used [0x000000076b300000,0x0000000797b00000,0x0000000797b00000)
  from space 164864K, 31% used [0x0000000797b00000,0x000000079add7568,0x00000007a1c00000)
  to   space 155136K, 0% used [0x00000007aa900000,0x00000007aa900000,0x00000007b4080000)
 ParOldGen       total 549888K, used 232990K [0x00000006c1800000, 0x00000006e3100000, 0x000000076b300000)
  object space 549888K, 42% used [0x00000006c1800000,0x00000006cfb87b20,0x00000006e3100000)
 Metaspace       used 71477K, capacity 75052K, committed 75392K, reserved 1114112K
  class space    used 9149K, capacity 9762K, committed 9856K, reserved 1048576K
Event: 240.695 GC heap after
Heap after GC invocations=21 (full 5):
 PSYoungGen      total 980992K, used 51952K [0x000000076b300000, 0x00000007b1c00000, 0x00000007c0000000)
  eden space 863232K, 0% used [0x000000076b300000,0x000000076b300000,0x000000079fe00000)
  from space 117760K, 44% used [0x00000007aa900000,0x00000007adbbc0b0,0x00000007b1c00000)
  to   space 146432K, 0% used [0x000000079fe00000,0x000000079fe00000,0x00000007a8d00000)
 ParOldGen       total 549888K, used 232998K [0x00000006c1800000, 0x00000006e3100000, 0x000000076b300000)
  object space 549888K, 42% used [0x00000006c1800000,0x00000006cfb89b20,0x00000006e3100000)
 Metaspace       used 71477K, capacity 75052K, committed 75392K, reserved 1114112K
  class space    used 9149K, capacity 9762K, committed 9856K, reserved 1048576K
}
Event: 259.187 GC heap before
{Heap before GC invocations=22 (full 5):
 PSYoungGen      total 980992K, used 915184K [0x000000076b300000, 0x00000007b1c00000, 0x00000007c0000000)
  eden space 863232K, 100% used [0x000000076b300000,0x000000079fe00000,0x000000079fe00000)
  from space 117760K, 44% used [0x00000007aa900000,0x00000007adbbc0b0,0x00000007b1c00000)
  to   space 146432K, 0% used [0x000000079fe00000,0x000000079fe00000,0x00000007a8d00000)
 ParOldGen       total 549888K, used 232998K [0x00000006c1800000, 0x00000006e3100000, 0x000000076b300000)
  object space 549888K, 42% used [0x00000006c1800000,0x00000006cfb89b20,0x00000006e3100000)
 Metaspace       used 71496K, capacity 75052K, committed 75392K, reserved 1114112K
  class space    used 9154K, capacity 9762K, committed 9856K, reserved 1048576K
Event: 259.291 GC heap after
Heap after GC invocations=22 (full 5):
 PSYoungGen      total 1009664K, used 52538K [0x000000076b300000, 0x00000007b1c00000, 0x00000007c0000000)
  eden space 863232K, 0% used [0x000000076b300000,0x000000076b300000,0x000000079fe00000)
  from space 146432K, 35% used [0x000000079fe00000,0x00000007a314ea10,0x00000007a8d00000)
  to   space 117760K, 0% used [0x00000007aa900000,0x00000007aa900000,0x00000007b1c00000)
 ParOldGen       total 549888K, used 233006K [0x00000006c1800000, 0x00000006e3100000, 0x000000076b300000)
  object space 549888K, 42% used [0x00000006c1800000,0x00000006cfb8bb20,0x00000006e3100000)
 Metaspace       used 71496K, capacity 75052K, committed 75392K, reserved 1114112K
  class space    used 9154K, capacity 9762K, committed 9856K, reserved 1048576K
}

